<?xml version="1.0" encoding="UTF-8"?>
<!-- Generated by org.testng.reporters.JUnitXMLReporter -->
<testsuite ignored="0" hostname="DESKTOP-L0VG6SH" failures="0" tests="5" name="Default test" time="25.036" errors="0" timestamp="2023-06-19T13:39:18 IST">
  <testcase classname="com.telus.registerdemo.RegisterDemoTestNG" name="launchApplication" time="12.289"/>
  <testcase classname="com.telus.registerdemo.RegisterDemoTestNG" name="navigateToRegisterDemoPage" time="3.544"/>
  <testcase classname="com.telus.registerdemo.RegisterDemoTestNG" name="registerUser" time="8.531"/>
  <testcase classname="com.telus.registerdemo.RegisterDemoTestNG" name="validateSuccessfulMsg" time="0.048"/>
  <testcase classname="com.telus.registerdemo.RegisterDemoTestNG" name="closeApplication" time="0.469"/>
</testsuite> <!-- Default test -->
