<?xml version="1.0" encoding="UTF-8"?>
<testng-results ignored="0" total="6" passed="6" failed="0" skipped="0">
  <reporter-output>
    <line>
      <![CDATA[Application is launched successfully]]>
    </line>
    <line>
      <![CDATA[Register Demo Page is displayed]]>
    </line>
    <line>
      <![CDATA[The Actual & Expected Registration Form Titles are same]]>
    </line>
    <line>
      <![CDATA[The Registration Form Tile displayed is Register For Demo]]>
    </line>
    <line>
      <![CDATA[First Name Text Box is displayed]]>
    </line>
    <line>
      <![CDATA[First Name entered in the text box is BharathVasan]]>
    </line>
    <line>
      <![CDATA[Last Name Text Box is displayed]]>
    </line>
    <line>
      <![CDATA[Application is launched successfully]]>
    </line>
    <line>
      <![CDATA[Last Name entered in the text box is G]]>
    </line>
    <line>
      <![CDATA[Male Radio Button is not selected]]>
    </line>
    <line>
      <![CDATA[Male Radio Button is selected]]>
    </line>
    <line>
      <![CDATA[Street Adress Text Box is displayed]]>
    </line>
    <line>
      <![CDATA[Street Adress entered in the text box is 234]]>
    </line>
    <line>
      <![CDATA[Apt, Suite, Bldg. Text Box is displayed]]>
    </line>
    <line>
      <![CDATA[Apt, Suite, Bldg. No. entered in the text box is 213/7]]>
    </line>
    <line>
      <![CDATA[City Text Box is displayed]]>
    </line>
    <line>
      <![CDATA[City entered in the text box is Dindigul]]>
    </line>
    <line>
      <![CDATA[Postal/Zip Code Text Box is displayed]]>
    </line>
    <line>
      <![CDATA[Postal/Zip Code entered in the text box is 500 012]]>
    </line>
    <line>
      <![CDATA[State Text Box is displayed]]>
    </line>
    <line>
      <![CDATA[State entered in the text box is Tamil Nadu]]>
    </line>
    <line>
      <![CDATA[Country Drop Down is displayed]]>
    </line>
    <line>
      <![CDATA[Country selected from the drop down is India]]>
    </line>
    <line>
      <![CDATA[Email Text Box is displayed]]>
    </line>
    <line>
      <![CDATA[Email entered in the text box is registerdemo@gmail.com]]>
    </line>
    <line>
      <![CDATA[Date of Demo Text Box is displayed]]>
    </line>
    <line>
      <![CDATA[Date of Demo entered in the text box is 12/05/23]]>
    </line>
    <line>
      <![CDATA[Register Demo Page is displayed]]>
    </line>
    <line>
      <![CDATA[Convenient Hour Drop Down is displayed]]>
    </line>
    <line>
      <![CDATA[The Actual & Expected Registration Form Titles are same]]>
    </line>
    <line>
      <![CDATA[The Registration Form Tile displayed is Register For Demo]]>
    </line>
    <line>
      <![CDATA[First Name Text Box is displayed]]>
    </line>
    <line>
      <![CDATA[Convenient Hour selected from the drop down is 10]]>
    </line>
    <line>
      <![CDATA[Convenient Minutes Drop Down is displayed]]>
    </line>
    <line>
      <![CDATA[First Name entered in the text box is BharathVasan]]>
    </line>
    <line>
      <![CDATA[Convenient Minutes selected from the drop down is 30]]>
    </line>
    <line>
      <![CDATA[Convenient Time selected from the drop down is 10hours and 30minutes]]>
    </line>
    <line>
      <![CDATA[Last Name Text Box is displayed]]>
    </line>
    <line>
      <![CDATA[Mobile Number Text Box is displayed]]>
    </line>
    <line>
      <![CDATA[Last Name entered in the text box is G]]>
    </line>
    <line>
      <![CDATA[Male Radio Button is not selected]]>
    </line>
    <line>
      <![CDATA[Mobile Number entered in the text box is 472813]]>
    </line>
    <line>
      <![CDATA[TestNG checkbox is not selected]]>
    </line>
    <line>
      <![CDATA[Male Radio Button is selected]]>
    </line>
    <line>
      <![CDATA[Street Adress Text Box is displayed]]>
    </line>
    <line>
      <![CDATA[TestNG checkbox is selected]]>
    </line>
    <line>
      <![CDATA[Street Adress entered in the text box is 234]]>
    </line>
    <line>
      <![CDATA[Core Java checkbox is not selected]]>
    </line>
    <line>
      <![CDATA[Apt, Suite, Bldg. Text Box is displayed]]>
    </line>
    <line>
      <![CDATA[Core Java checkbox is selected]]>
    </line>
    <line>
      <![CDATA[Enter Your Query Text Box is displayed]]>
    </line>
    <line>
      <![CDATA[Apt, Suite, Bldg. No. entered in the text box is 213/7]]>
    </line>
    <line>
      <![CDATA[City Text Box is displayed]]>
    </line>
    <line>
      <![CDATA[Query entered in the text box is End to End assigment]]>
    </line>
    <line>
      <![CDATA[City entered in the text box is Dindigul]]>
    </line>
    <line>
      <![CDATA[Verification Text Box is displayed]]>
    </line>
    <line>
      <![CDATA[Postal/Zip Code Text Box is displayed]]>
    </line>
    <line>
      <![CDATA[Two digits entered in the text box is 99]]>
    </line>
    <line>
      <![CDATA[Postal/Zip Code entered in the text box is 500 012]]>
    </line>
    <line>
      <![CDATA[Submit Button is enabled]]>
    </line>
    <line>
      <![CDATA[State Text Box is displayed]]>
    </line>
    <line>
      <![CDATA[State entered in the text box is Tamil Nadu]]>
    </line>
    <line>
      <![CDATA[Country Drop Down is displayed]]>
    </line>
    <line>
      <![CDATA[Country selected from the drop down is India]]>
    </line>
    <line>
      <![CDATA[Email Text Box is displayed]]>
    </line>
    <line>
      <![CDATA[Email entered in the text box is registerdemo@gmail.com]]>
    </line>
    <line>
      <![CDATA[Date of Demo Text Box is displayed]]>
    </line>
    <line>
      <![CDATA[Date of Demo entered in the text box is 12/05/23]]>
    </line>
    <line>
      <![CDATA[Convenient Hour Drop Down is displayed]]>
    </line>
    <line>
      <![CDATA[Convenient Hour selected from the drop down is 10]]>
    </line>
    <line>
      <![CDATA[Convenient Minutes Drop Down is displayed]]>
    </line>
    <line>
      <![CDATA[Convenient Minutes selected from the drop down is 30]]>
    </line>
    <line>
      <![CDATA[Convenient Time selected from the drop down is 10hours and 30minutes]]>
    </line>
    <line>
      <![CDATA[Mobile Number Text Box is displayed]]>
    </line>
    <line>
      <![CDATA[Mobile Number entered in the text box is 472813]]>
    </line>
    <line>
      <![CDATA[TestNG checkbox is not selected]]>
    </line>
    <line>
      <![CDATA[TestNG checkbox is selected]]>
    </line>
    <line>
      <![CDATA[Core Java checkbox is not selected]]>
    </line>
    <line>
      <![CDATA[Core Java checkbox is selected]]>
    </line>
    <line>
      <![CDATA[Enter Your Query Text Box is displayed]]>
    </line>
    <line>
      <![CDATA[Query entered in the text box is End to End assigment]]>
    </line>
    <line>
      <![CDATA[Verification Text Box is displayed]]>
    </line>
    <line>
      <![CDATA[Two digits entered in the text box is 99]]>
    </line>
    <line>
      <![CDATA[Submit Button is enabled]]>
    </line>
    <line>
      <![CDATA[User is Registered succesfully]]>
    </line>
    <line>
      <![CDATA[The Actual and Expected Successful Messages are same]]>
    </line>
    <line>
      <![CDATA[The Actual Successful Message is Registration Form is Successfully Submitted.]]>
    </line>
    <line>
      <![CDATA[The Transaction Id : NXTGEN12647]]>
    </line>
    <line>
      <![CDATA[Successful Message is Validated]]>
    </line>
    <line>
      <![CDATA[User is Registered succesfully]]>
    </line>
    <line>
      <![CDATA[The Actual and Expected Successful Messages are same]]>
    </line>
    <line>
      <![CDATA[The Actual Successful Message is Registration Form is Successfully Submitted.]]>
    </line>
    <line>
      <![CDATA[The Transaction Id : NXTGEN13126]]>
    </line>
    <line>
      <![CDATA[Successful Message is Validated]]>
    </line>
    <line>
      <![CDATA[Application is closed]]>
    </line>
    <line>
      <![CDATA[Application is closed]]>
    </line>
  </reporter-output>
  <suite started-at="2023-06-20T14:41:38 IST" name="Automation Suite" finished-at="2023-06-20T14:42:17 IST" duration-ms="38599">
    <groups>
    </groups>
    <test started-at="2023-06-20T14:41:38 IST" name="Chrome Browser Test Case" finished-at="2023-06-20T14:42:17 IST" duration-ms="38599">
      <class name="com.telus.crosbrowsertesting.RegisterDemoTestNG">
        <test-method is-config="true" signature="launchApplication(java.lang.String,java.lang.String)[pri:0, instance:com.telus.crosbrowsertesting.RegisterDemoTestNG@6fd83fc1]" started-at="2023-06-20T14:41:38 IST" name="launchApplication" finished-at="2023-06-20T14:42:00 IST" duration-ms="22094" status="PASS">
          <params>
            <param index="0">
              <value>
                <![CDATA[chrome]]>
              </value>
            </param>
            <param index="1">
              <value>
                <![CDATA[https://nxtgenaiacademy.com/]]>
              </value>
            </param>
          </params>
          <reporter-output>
            <line>
              <![CDATA[Application is launched successfully]]>
            </line>
          </reporter-output>
        </test-method> <!-- launchApplication -->
        <test-method signature="navigateToRegisterDemoPage()[pri:1, instance:com.telus.crosbrowsertesting.RegisterDemoTestNG@6fd83fc1]" started-at="2023-06-20T14:42:00 IST" name="navigateToRegisterDemoPage" finished-at="2023-06-20T14:42:04 IST" duration-ms="3969" status="PASS">
          <reporter-output>
            <line>
              <![CDATA[Register Demo Page is displayed]]>
            </line>
          </reporter-output>
        </test-method> <!-- navigateToRegisterDemoPage -->
        <test-method signature="registerUser()[pri:2, instance:com.telus.crosbrowsertesting.RegisterDemoTestNG@6fd83fc1]" started-at="2023-06-20T14:42:04 IST" name="registerUser" finished-at="2023-06-20T14:42:16 IST" duration-ms="11555" status="PASS">
          <reporter-output>
            <line>
              <![CDATA[The Actual & Expected Registration Form Titles are same]]>
            </line>
            <line>
              <![CDATA[The Registration Form Tile displayed is Register For Demo]]>
            </line>
            <line>
              <![CDATA[First Name Text Box is displayed]]>
            </line>
            <line>
              <![CDATA[First Name entered in the text box is BharathVasan]]>
            </line>
            <line>
              <![CDATA[Last Name Text Box is displayed]]>
            </line>
            <line>
              <![CDATA[Last Name entered in the text box is G]]>
            </line>
            <line>
              <![CDATA[Male Radio Button is not selected]]>
            </line>
            <line>
              <![CDATA[Male Radio Button is selected]]>
            </line>
            <line>
              <![CDATA[Street Adress Text Box is displayed]]>
            </line>
            <line>
              <![CDATA[Street Adress entered in the text box is 234]]>
            </line>
            <line>
              <![CDATA[Apt, Suite, Bldg. Text Box is displayed]]>
            </line>
            <line>
              <![CDATA[Apt, Suite, Bldg. No. entered in the text box is 213/7]]>
            </line>
            <line>
              <![CDATA[City Text Box is displayed]]>
            </line>
            <line>
              <![CDATA[City entered in the text box is Dindigul]]>
            </line>
            <line>
              <![CDATA[Postal/Zip Code Text Box is displayed]]>
            </line>
            <line>
              <![CDATA[Postal/Zip Code entered in the text box is 500 012]]>
            </line>
            <line>
              <![CDATA[State Text Box is displayed]]>
            </line>
            <line>
              <![CDATA[State entered in the text box is Tamil Nadu]]>
            </line>
            <line>
              <![CDATA[Country Drop Down is displayed]]>
            </line>
            <line>
              <![CDATA[Country selected from the drop down is India]]>
            </line>
            <line>
              <![CDATA[Email Text Box is displayed]]>
            </line>
            <line>
              <![CDATA[Email entered in the text box is registerdemo@gmail.com]]>
            </line>
            <line>
              <![CDATA[Date of Demo Text Box is displayed]]>
            </line>
            <line>
              <![CDATA[Date of Demo entered in the text box is 12/05/23]]>
            </line>
            <line>
              <![CDATA[Convenient Hour Drop Down is displayed]]>
            </line>
            <line>
              <![CDATA[Convenient Hour selected from the drop down is 10]]>
            </line>
            <line>
              <![CDATA[Convenient Minutes Drop Down is displayed]]>
            </line>
            <line>
              <![CDATA[Convenient Minutes selected from the drop down is 30]]>
            </line>
            <line>
              <![CDATA[Convenient Time selected from the drop down is 10hours and 30minutes]]>
            </line>
            <line>
              <![CDATA[Mobile Number Text Box is displayed]]>
            </line>
            <line>
              <![CDATA[Mobile Number entered in the text box is 472813]]>
            </line>
            <line>
              <![CDATA[TestNG checkbox is not selected]]>
            </line>
            <line>
              <![CDATA[TestNG checkbox is selected]]>
            </line>
            <line>
              <![CDATA[Core Java checkbox is not selected]]>
            </line>
            <line>
              <![CDATA[Core Java checkbox is selected]]>
            </line>
            <line>
              <![CDATA[Enter Your Query Text Box is displayed]]>
            </line>
            <line>
              <![CDATA[Query entered in the text box is End to End assigment]]>
            </line>
            <line>
              <![CDATA[Verification Text Box is displayed]]>
            </line>
            <line>
              <![CDATA[Two digits entered in the text box is 99]]>
            </line>
            <line>
              <![CDATA[Submit Button is enabled]]>
            </line>
            <line>
              <![CDATA[User is Registered succesfully]]>
            </line>
          </reporter-output>
        </test-method> <!-- registerUser -->
        <test-method signature="validateSuccessfulMsg()[pri:3, instance:com.telus.crosbrowsertesting.RegisterDemoTestNG@6fd83fc1]" started-at="2023-06-20T14:42:16 IST" name="validateSuccessfulMsg" finished-at="2023-06-20T14:42:16 IST" duration-ms="40" status="PASS">
          <reporter-output>
            <line>
              <![CDATA[The Actual and Expected Successful Messages are same]]>
            </line>
            <line>
              <![CDATA[The Actual Successful Message is Registration Form is Successfully Submitted.]]>
            </line>
            <line>
              <![CDATA[The Transaction Id : NXTGEN12647]]>
            </line>
            <line>
              <![CDATA[Successful Message is Validated]]>
            </line>
          </reporter-output>
        </test-method> <!-- validateSuccessfulMsg -->
        <test-method is-config="true" signature="closeApplication()[pri:0, instance:com.telus.crosbrowsertesting.RegisterDemoTestNG@6fd83fc1]" started-at="2023-06-20T14:42:16 IST" name="closeApplication" finished-at="2023-06-20T14:42:17 IST" duration-ms="815" status="PASS">
          <reporter-output>
            <line>
              <![CDATA[Application is closed]]>
            </line>
          </reporter-output>
        </test-method> <!-- closeApplication -->
      </class> <!-- com.telus.crosbrowsertesting.RegisterDemoTestNG -->
    </test> <!-- Chrome Browser Test Case -->
    <test started-at="2023-06-20T14:41:38 IST" name="Edge Browser Test Case" finished-at="2023-06-20T14:42:17 IST" duration-ms="38525">
      <class name="com.telus.crosbrowsertesting.RegisterDemoTestNG">
        <test-method is-config="true" signature="launchApplication(java.lang.String,java.lang.String)[pri:0, instance:com.telus.crosbrowsertesting.RegisterDemoTestNG@d9345cd]" started-at="2023-06-20T14:41:38 IST" name="launchApplication" finished-at="2023-06-20T14:42:05 IST" duration-ms="27101" status="PASS">
          <params>
            <param index="0">
              <value>
                <![CDATA[edge]]>
              </value>
            </param>
            <param index="1">
              <value>
                <![CDATA[https://nxtgenaiacademy.com/]]>
              </value>
            </param>
          </params>
          <reporter-output>
            <line>
              <![CDATA[Application is launched successfully]]>
            </line>
          </reporter-output>
        </test-method> <!-- launchApplication -->
        <test-method signature="navigateToRegisterDemoPage()[pri:1, instance:com.telus.crosbrowsertesting.RegisterDemoTestNG@d9345cd]" started-at="2023-06-20T14:42:05 IST" name="navigateToRegisterDemoPage" finished-at="2023-06-20T14:42:08 IST" duration-ms="3183" status="PASS">
          <reporter-output>
            <line>
              <![CDATA[Register Demo Page is displayed]]>
            </line>
          </reporter-output>
        </test-method> <!-- navigateToRegisterDemoPage -->
        <test-method signature="registerUser()[pri:2, instance:com.telus.crosbrowsertesting.RegisterDemoTestNG@d9345cd]" started-at="2023-06-20T14:42:08 IST" name="registerUser" finished-at="2023-06-20T14:42:16 IST" duration-ms="7489" status="PASS">
          <reporter-output>
            <line>
              <![CDATA[The Actual & Expected Registration Form Titles are same]]>
            </line>
            <line>
              <![CDATA[The Registration Form Tile displayed is Register For Demo]]>
            </line>
            <line>
              <![CDATA[First Name Text Box is displayed]]>
            </line>
            <line>
              <![CDATA[First Name entered in the text box is BharathVasan]]>
            </line>
            <line>
              <![CDATA[Last Name Text Box is displayed]]>
            </line>
            <line>
              <![CDATA[Last Name entered in the text box is G]]>
            </line>
            <line>
              <![CDATA[Male Radio Button is not selected]]>
            </line>
            <line>
              <![CDATA[Male Radio Button is selected]]>
            </line>
            <line>
              <![CDATA[Street Adress Text Box is displayed]]>
            </line>
            <line>
              <![CDATA[Street Adress entered in the text box is 234]]>
            </line>
            <line>
              <![CDATA[Apt, Suite, Bldg. Text Box is displayed]]>
            </line>
            <line>
              <![CDATA[Apt, Suite, Bldg. No. entered in the text box is 213/7]]>
            </line>
            <line>
              <![CDATA[City Text Box is displayed]]>
            </line>
            <line>
              <![CDATA[City entered in the text box is Dindigul]]>
            </line>
            <line>
              <![CDATA[Postal/Zip Code Text Box is displayed]]>
            </line>
            <line>
              <![CDATA[Postal/Zip Code entered in the text box is 500 012]]>
            </line>
            <line>
              <![CDATA[State Text Box is displayed]]>
            </line>
            <line>
              <![CDATA[State entered in the text box is Tamil Nadu]]>
            </line>
            <line>
              <![CDATA[Country Drop Down is displayed]]>
            </line>
            <line>
              <![CDATA[Country selected from the drop down is India]]>
            </line>
            <line>
              <![CDATA[Email Text Box is displayed]]>
            </line>
            <line>
              <![CDATA[Email entered in the text box is registerdemo@gmail.com]]>
            </line>
            <line>
              <![CDATA[Date of Demo Text Box is displayed]]>
            </line>
            <line>
              <![CDATA[Date of Demo entered in the text box is 12/05/23]]>
            </line>
            <line>
              <![CDATA[Convenient Hour Drop Down is displayed]]>
            </line>
            <line>
              <![CDATA[Convenient Hour selected from the drop down is 10]]>
            </line>
            <line>
              <![CDATA[Convenient Minutes Drop Down is displayed]]>
            </line>
            <line>
              <![CDATA[Convenient Minutes selected from the drop down is 30]]>
            </line>
            <line>
              <![CDATA[Convenient Time selected from the drop down is 10hours and 30minutes]]>
            </line>
            <line>
              <![CDATA[Mobile Number Text Box is displayed]]>
            </line>
            <line>
              <![CDATA[Mobile Number entered in the text box is 472813]]>
            </line>
            <line>
              <![CDATA[TestNG checkbox is not selected]]>
            </line>
            <line>
              <![CDATA[TestNG checkbox is selected]]>
            </line>
            <line>
              <![CDATA[Core Java checkbox is not selected]]>
            </line>
            <line>
              <![CDATA[Core Java checkbox is selected]]>
            </line>
            <line>
              <![CDATA[Enter Your Query Text Box is displayed]]>
            </line>
            <line>
              <![CDATA[Query entered in the text box is End to End assigment]]>
            </line>
            <line>
              <![CDATA[Verification Text Box is displayed]]>
            </line>
            <line>
              <![CDATA[Two digits entered in the text box is 99]]>
            </line>
            <line>
              <![CDATA[Submit Button is enabled]]>
            </line>
            <line>
              <![CDATA[User is Registered succesfully]]>
            </line>
          </reporter-output>
        </test-method> <!-- registerUser -->
        <test-method signature="validateSuccessfulMsg()[pri:3, instance:com.telus.crosbrowsertesting.RegisterDemoTestNG@d9345cd]" started-at="2023-06-20T14:42:16 IST" name="validateSuccessfulMsg" finished-at="2023-06-20T14:42:16 IST" duration-ms="75" status="PASS">
          <reporter-output>
            <line>
              <![CDATA[The Actual and Expected Successful Messages are same]]>
            </line>
            <line>
              <![CDATA[The Actual Successful Message is Registration Form is Successfully Submitted.]]>
            </line>
            <line>
              <![CDATA[The Transaction Id : NXTGEN13126]]>
            </line>
            <line>
              <![CDATA[Successful Message is Validated]]>
            </line>
          </reporter-output>
        </test-method> <!-- validateSuccessfulMsg -->
        <test-method is-config="true" signature="closeApplication()[pri:0, instance:com.telus.crosbrowsertesting.RegisterDemoTestNG@d9345cd]" started-at="2023-06-20T14:42:16 IST" name="closeApplication" finished-at="2023-06-20T14:42:17 IST" duration-ms="619" status="PASS">
          <reporter-output>
            <line>
              <![CDATA[Application is closed]]>
            </line>
          </reporter-output>
        </test-method> <!-- closeApplication -->
      </class> <!-- com.telus.crosbrowsertesting.RegisterDemoTestNG -->
    </test> <!-- Edge Browser Test Case -->
  </suite> <!-- Automation Suite -->
</testng-results>
