<?xml version="1.0" encoding="UTF-8"?>
<testng-results ignored="0" total="9" passed="9" failed="0" skipped="0">
  <reporter-output>
  </reporter-output>
  <suite started-at="2023-06-21T11:55:54 IST" name="Automation Suite" finished-at="2023-06-21T11:55:54 IST" duration-ms="245">
    <groups>
    </groups>
    <test started-at="2023-06-21T11:55:54 IST" name="Parallel Testing" finished-at="2023-06-21T11:55:54 IST" duration-ms="245">
      <class name="com.telus.crosbrowsertesting.SampleThreadprogram">
        <test-method signature="testCase5()[pri:0, instance:com.telus.crosbrowsertesting.SampleThreadprogram@32b260fa]" started-at="2023-06-21T11:55:54 IST" name="testCase5" finished-at="2023-06-21T11:55:54 IST" duration-ms="30" status="PASS">
          <reporter-output>
          </reporter-output>
        </test-method> <!-- testCase5 -->
        <test-method signature="testCase1()[pri:0, instance:com.telus.crosbrowsertesting.SampleThreadprogram@32b260fa]" started-at="2023-06-21T11:55:54 IST" name="testCase1" finished-at="2023-06-21T11:55:54 IST" duration-ms="32" status="PASS">
          <reporter-output>
          </reporter-output>
        </test-method> <!-- testCase1 -->
        <test-method signature="testCase4()[pri:0, instance:com.telus.crosbrowsertesting.SampleThreadprogram@32b260fa]" started-at="2023-06-21T11:55:54 IST" name="testCase4" finished-at="2023-06-21T11:55:54 IST" duration-ms="30" status="PASS">
          <reporter-output>
          </reporter-output>
        </test-method> <!-- testCase4 -->
        <test-method signature="testCase3()[pri:0, instance:com.telus.crosbrowsertesting.SampleThreadprogram@32b260fa]" started-at="2023-06-21T11:55:54 IST" name="testCase3" finished-at="2023-06-21T11:55:54 IST" duration-ms="30" status="PASS">
          <reporter-output>
          </reporter-output>
        </test-method> <!-- testCase3 -->
        <test-method signature="testCase2()[pri:0, instance:com.telus.crosbrowsertesting.SampleThreadprogram@32b260fa]" started-at="2023-06-21T11:55:54 IST" name="testCase2" finished-at="2023-06-21T11:55:54 IST" duration-ms="30" status="PASS">
          <reporter-output>
          </reporter-output>
        </test-method> <!-- testCase2 -->
        <test-method signature="testCase6()[pri:0, instance:com.telus.crosbrowsertesting.SampleThreadprogram@32b260fa]" started-at="2023-06-21T11:55:54 IST" name="testCase6" finished-at="2023-06-21T11:55:54 IST" duration-ms="13" status="PASS">
          <reporter-output>
          </reporter-output>
        </test-method> <!-- testCase6 -->
        <test-method signature="testCase7()[pri:0, instance:com.telus.crosbrowsertesting.SampleThreadprogram@32b260fa]" started-at="2023-06-21T11:55:54 IST" name="testCase7" finished-at="2023-06-21T11:55:54 IST" duration-ms="99" status="PASS">
          <reporter-output>
          </reporter-output>
        </test-method> <!-- testCase7 -->
        <test-method signature="testCase8()[pri:0, instance:com.telus.crosbrowsertesting.SampleThreadprogram@32b260fa]" started-at="2023-06-21T11:55:54 IST" name="testCase8" finished-at="2023-06-21T11:55:54 IST" duration-ms="4" status="PASS">
          <reporter-output>
          </reporter-output>
        </test-method> <!-- testCase8 -->
        <test-method signature="testCase9()[pri:0, instance:com.telus.crosbrowsertesting.SampleThreadprogram@32b260fa]" started-at="2023-06-21T11:55:54 IST" name="testCase9" finished-at="2023-06-21T11:55:54 IST" duration-ms="48" status="PASS">
          <reporter-output>
          </reporter-output>
        </test-method> <!-- testCase9 -->
      </class> <!-- com.telus.crosbrowsertesting.SampleThreadprogram -->
    </test> <!-- Parallel Testing -->
  </suite> <!-- Automation Suite -->
</testng-results>
