<?xml version="1.0" encoding="UTF-8"?>
<!-- Generated by org.testng.reporters.JUnitXMLReporter -->
<testsuite ignored="0" hostname="DESKTOP-L0VG6SH" failures="0" tests="9" name="Default test" time="0.416" errors="0" timestamp="2023-06-21T11:52:21 IST">
  <testcase classname="com.telus.crosbrowsertesting.SampleThreadprogram" name="testCase1" time="0.027"/>
  <testcase classname="com.telus.crosbrowsertesting.SampleThreadprogram" name="testCase2" time="0.007"/>
  <testcase classname="com.telus.crosbrowsertesting.SampleThreadprogram" name="testCase3" time="0.006"/>
  <testcase classname="com.telus.crosbrowsertesting.SampleThreadprogram" name="testCase4" time="0.006"/>
  <testcase classname="com.telus.crosbrowsertesting.SampleThreadprogram" name="testCase5" time="0.009"/>
  <testcase classname="com.telus.crosbrowsertesting.SampleThreadprogram" name="testCase6" time="0.009"/>
  <testcase classname="com.telus.crosbrowsertesting.SampleThreadprogram" name="testCase7" time="0.016"/>
  <testcase classname="com.telus.crosbrowsertesting.SampleThreadprogram" name="testCase8" time="0.014"/>
  <testcase classname="com.telus.crosbrowsertesting.SampleThreadprogram" name="testCase9" time="0.011"/>
</testsuite> <!-- Default test -->
