<?xml version="1.0" encoding="UTF-8"?>
<!-- Generated by org.testng.reporters.JUnitXMLReporter -->
<testsuite ignored="2" hostname="DESKTOP-L0VG6SH" failures="0" tests="1" name="Default test" time="2.39" errors="0" timestamp="2023-06-22T14:19:19 IST">
  <testcase classname="com.telus.testcases.RegisterUser" name="navigateToRegisterDemo" time="2.234"/>
  <testcase classname="com.telus.testcases.RegisterUser" name="transactionVerification" time="0.0">
    <ignored/>
  </testcase> <!-- transactionVerification -->
  <testcase classname="com.telus.testcases.RegisterUser" name="registerUser" time="0.0">
    <ignored/>
  </testcase> <!-- registerUser -->
</testsuite> <!-- Default test -->
