<?xml version="1.0" encoding="UTF-8"?>
<!-- Generated by org.testng.reporters.JUnitXMLReporter -->
<testsuite ignored="0" hostname="DESKTOP-L0VG6SH" failures="0" tests="3" name="Register User" time="10.084" errors="0" timestamp="2023-06-22T14:23:03 IST">
  <testcase classname="com.telus.testcases.RegisterUser" name="navigateToRegisterDemo" time="2.389"/>
  <testcase classname="com.telus.testcases.RegisterUser" name="registerUser" time="7.435"/>
  <testcase classname="com.telus.testcases.RegisterUser" name="transactionVerification" time="0.06"/>
</testsuite> <!-- Register User -->
