<?xml version="1.0" encoding="UTF-8"?>
<testng-results ignored="0" total="5" passed="5" failed="0" skipped="0">
  <reporter-output>
    <line>
      <![CDATA[Application is launched successfully]]>
    </line>
    <line>
      <![CDATA[Register Demo Page is displayed]]>
    </line>
    <line>
      <![CDATA[The Actual & Expected Registration Form Titles are same]]>
    </line>
    <line>
      <![CDATA[The Registration Form Tile displayed is Register For Demo]]>
    </line>
    <line>
      <![CDATA[First Name Text Box is displayed]]>
    </line>
    <line>
      <![CDATA[First Name entered in the text box is BharathVasan]]>
    </line>
    <line>
      <![CDATA[Last Name Text Box is displayed]]>
    </line>
    <line>
      <![CDATA[Last Name entered in the text box is G]]>
    </line>
    <line>
      <![CDATA[Male Radio Button is not selected]]>
    </line>
    <line>
      <![CDATA[Male Radio Button is selected]]>
    </line>
    <line>
      <![CDATA[Street Adress Text Box is displayed]]>
    </line>
    <line>
      <![CDATA[Street Adress entered in the text box is 234]]>
    </line>
    <line>
      <![CDATA[Apt, Suite, Bldg. Text Box is displayed]]>
    </line>
    <line>
      <![CDATA[Apt, Suite, Bldg. No. entered in the text box is 213/7]]>
    </line>
    <line>
      <![CDATA[City Text Box is displayed]]>
    </line>
    <line>
      <![CDATA[City entered in the text box is Dindigul]]>
    </line>
    <line>
      <![CDATA[Postal/Zip Code Text Box is displayed]]>
    </line>
    <line>
      <![CDATA[Postal/Zip Code entered in the text box is 500 012]]>
    </line>
    <line>
      <![CDATA[State Text Box is displayed]]>
    </line>
    <line>
      <![CDATA[State entered in the text box is Tamil Nadu]]>
    </line>
    <line>
      <![CDATA[Country Drop Down is displayed]]>
    </line>
    <line>
      <![CDATA[Country selected from the drop down is India]]>
    </line>
    <line>
      <![CDATA[Email Text Box is displayed]]>
    </line>
    <line>
      <![CDATA[Email entered in the text box is registerdemo@gmail.com]]>
    </line>
    <line>
      <![CDATA[Date of Demo Text Box is displayed]]>
    </line>
    <line>
      <![CDATA[Date of Demo entered in the text box is 12/05/23]]>
    </line>
    <line>
      <![CDATA[Convenient Hour Drop Down is displayed]]>
    </line>
    <line>
      <![CDATA[Convenient Hour selected from the drop down is 10]]>
    </line>
    <line>
      <![CDATA[Convenient Minutes Drop Down is displayed]]>
    </line>
    <line>
      <![CDATA[Convenient Minutes selected from the drop down is 30]]>
    </line>
    <line>
      <![CDATA[Convenient Time selected from the drop down is 10hours and 30minutes]]>
    </line>
    <line>
      <![CDATA[Mobile Number Text Box is displayed]]>
    </line>
    <line>
      <![CDATA[Mobile Number entered in the text box is 472813]]>
    </line>
    <line>
      <![CDATA[TestNG checkbox is not selected]]>
    </line>
    <line>
      <![CDATA[TestNG checkbox is selected]]>
    </line>
    <line>
      <![CDATA[Core Java checkbox is not selected]]>
    </line>
    <line>
      <![CDATA[Core Java checkbox is selected]]>
    </line>
    <line>
      <![CDATA[Enter Your Query Text Box is displayed]]>
    </line>
    <line>
      <![CDATA[Query entered in the text box is End to End assigment]]>
    </line>
    <line>
      <![CDATA[Verification Text Box is displayed]]>
    </line>
    <line>
      <![CDATA[Two digits entered in the text box is 99]]>
    </line>
    <line>
      <![CDATA[Submit Button is enabled]]>
    </line>
    <line>
      <![CDATA[User is Registered succesfully]]>
    </line>
    <line>
      <![CDATA[The Actual and Expected Successful Messages are same]]>
    </line>
    <line>
      <![CDATA[The Actual Successful Message is Registration Form is Successfully Submitted.]]>
    </line>
    <line>
      <![CDATA[The Transaction Id : NXTGEN34620]]>
    </line>
    <line>
      <![CDATA[Successful Message is Validated]]>
    </line>
    <line>
      <![CDATA[Application is closed]]>
    </line>
  </reporter-output>
  <suite started-at="2023-06-19T13:39:45 IST" name="Automation Suite" finished-at="2023-06-19T13:40:09 IST" duration-ms="23696">
    <groups>
    </groups>
    <test started-at="2023-06-19T13:39:45 IST" name="Register Demo Test Case" finished-at="2023-06-19T13:40:09 IST" duration-ms="23696">
      <class name="com.telus.registerdemo.RegisterDemoTestNG">
        <test-method signature="launchApplication()[pri:1, instance:com.telus.registerdemo.RegisterDemoTestNG@581ac8a8]" started-at="2023-06-19T13:39:45 IST" name="launchApplication" finished-at="2023-06-19T13:39:59 IST" duration-ms="13714" status="PASS">
          <reporter-output>
            <line>
              <![CDATA[Application is launched successfully]]>
            </line>
          </reporter-output>
        </test-method> <!-- launchApplication -->
        <test-method signature="navigateToRegisterDemoPage()[pri:2, instance:com.telus.registerdemo.RegisterDemoTestNG@581ac8a8]" started-at="2023-06-19T13:39:59 IST" name="navigateToRegisterDemoPage" finished-at="2023-06-19T13:40:02 IST" duration-ms="2746" status="PASS">
          <reporter-output>
            <line>
              <![CDATA[Register Demo Page is displayed]]>
            </line>
          </reporter-output>
        </test-method> <!-- navigateToRegisterDemoPage -->
        <test-method signature="registerUser()[pri:3, instance:com.telus.registerdemo.RegisterDemoTestNG@581ac8a8]" started-at="2023-06-19T13:40:02 IST" name="registerUser" finished-at="2023-06-19T13:40:08 IST" duration-ms="6580" status="PASS">
          <reporter-output>
            <line>
              <![CDATA[The Actual & Expected Registration Form Titles are same]]>
            </line>
            <line>
              <![CDATA[The Registration Form Tile displayed is Register For Demo]]>
            </line>
            <line>
              <![CDATA[First Name Text Box is displayed]]>
            </line>
            <line>
              <![CDATA[First Name entered in the text box is BharathVasan]]>
            </line>
            <line>
              <![CDATA[Last Name Text Box is displayed]]>
            </line>
            <line>
              <![CDATA[Last Name entered in the text box is G]]>
            </line>
            <line>
              <![CDATA[Male Radio Button is not selected]]>
            </line>
            <line>
              <![CDATA[Male Radio Button is selected]]>
            </line>
            <line>
              <![CDATA[Street Adress Text Box is displayed]]>
            </line>
            <line>
              <![CDATA[Street Adress entered in the text box is 234]]>
            </line>
            <line>
              <![CDATA[Apt, Suite, Bldg. Text Box is displayed]]>
            </line>
            <line>
              <![CDATA[Apt, Suite, Bldg. No. entered in the text box is 213/7]]>
            </line>
            <line>
              <![CDATA[City Text Box is displayed]]>
            </line>
            <line>
              <![CDATA[City entered in the text box is Dindigul]]>
            </line>
            <line>
              <![CDATA[Postal/Zip Code Text Box is displayed]]>
            </line>
            <line>
              <![CDATA[Postal/Zip Code entered in the text box is 500 012]]>
            </line>
            <line>
              <![CDATA[State Text Box is displayed]]>
            </line>
            <line>
              <![CDATA[State entered in the text box is Tamil Nadu]]>
            </line>
            <line>
              <![CDATA[Country Drop Down is displayed]]>
            </line>
            <line>
              <![CDATA[Country selected from the drop down is India]]>
            </line>
            <line>
              <![CDATA[Email Text Box is displayed]]>
            </line>
            <line>
              <![CDATA[Email entered in the text box is registerdemo@gmail.com]]>
            </line>
            <line>
              <![CDATA[Date of Demo Text Box is displayed]]>
            </line>
            <line>
              <![CDATA[Date of Demo entered in the text box is 12/05/23]]>
            </line>
            <line>
              <![CDATA[Convenient Hour Drop Down is displayed]]>
            </line>
            <line>
              <![CDATA[Convenient Hour selected from the drop down is 10]]>
            </line>
            <line>
              <![CDATA[Convenient Minutes Drop Down is displayed]]>
            </line>
            <line>
              <![CDATA[Convenient Minutes selected from the drop down is 30]]>
            </line>
            <line>
              <![CDATA[Convenient Time selected from the drop down is 10hours and 30minutes]]>
            </line>
            <line>
              <![CDATA[Mobile Number Text Box is displayed]]>
            </line>
            <line>
              <![CDATA[Mobile Number entered in the text box is 472813]]>
            </line>
            <line>
              <![CDATA[TestNG checkbox is not selected]]>
            </line>
            <line>
              <![CDATA[TestNG checkbox is selected]]>
            </line>
            <line>
              <![CDATA[Core Java checkbox is not selected]]>
            </line>
            <line>
              <![CDATA[Core Java checkbox is selected]]>
            </line>
            <line>
              <![CDATA[Enter Your Query Text Box is displayed]]>
            </line>
            <line>
              <![CDATA[Query entered in the text box is End to End assigment]]>
            </line>
            <line>
              <![CDATA[Verification Text Box is displayed]]>
            </line>
            <line>
              <![CDATA[Two digits entered in the text box is 99]]>
            </line>
            <line>
              <![CDATA[Submit Button is enabled]]>
            </line>
            <line>
              <![CDATA[User is Registered succesfully]]>
            </line>
          </reporter-output>
        </test-method> <!-- registerUser -->
        <test-method signature="validateSuccessfulMsg()[pri:4, instance:com.telus.registerdemo.RegisterDemoTestNG@581ac8a8]" started-at="2023-06-19T13:40:08 IST" name="validateSuccessfulMsg" finished-at="2023-06-19T13:40:09 IST" duration-ms="47" status="PASS">
          <reporter-output>
            <line>
              <![CDATA[The Actual and Expected Successful Messages are same]]>
            </line>
            <line>
              <![CDATA[The Actual Successful Message is Registration Form is Successfully Submitted.]]>
            </line>
            <line>
              <![CDATA[The Transaction Id : NXTGEN34620]]>
            </line>
            <line>
              <![CDATA[Successful Message is Validated]]>
            </line>
          </reporter-output>
        </test-method> <!-- validateSuccessfulMsg -->
        <test-method signature="closeApplication()[pri:5, instance:com.telus.registerdemo.RegisterDemoTestNG@581ac8a8]" started-at="2023-06-19T13:40:09 IST" name="closeApplication" finished-at="2023-06-19T13:40:09 IST" duration-ms="449" status="PASS">
          <reporter-output>
            <line>
              <![CDATA[Application is closed]]>
            </line>
          </reporter-output>
        </test-method> <!-- closeApplication -->
      </class> <!-- com.telus.registerdemo.RegisterDemoTestNG -->
    </test> <!-- Register Demo Test Case -->
  </suite> <!-- Automation Suite -->
</testng-results>
