<?xml version="1.0" encoding="UTF-8"?>
<testng-results ignored="0" total="3" passed="3" failed="0" skipped="0">
  <reporter-output>
    <line>
      <![CDATA[Application is launched sucessfully]]>
    </line>
    <line>
      <![CDATA[Navigated to Register Demo Page]]>
    </line>
    <line>
      <![CDATA[The Actual & Expected Registration Form Titles are same]]>
    </line>
    <line>
      <![CDATA[The Registration Form Tile displayed is Register For Demo]]>
    </line>
    <line>
      <![CDATA[First Name Text Box is displayed]]>
    </line>
    <line>
      <![CDATA[First Name entered in the text box is BharathVasan]]>
    </line>
    <line>
      <![CDATA[Last Name Text Box is displayed]]>
    </line>
    <line>
      <![CDATA[Last Name entered in the text box is G]]>
    </line>
    <line>
      <![CDATA[Male Radio Button is not selected]]>
    </line>
    <line>
      <![CDATA[Male Radio Button is selected]]>
    </line>
    <line>
      <![CDATA[Street Adress Text Box is displayed]]>
    </line>
    <line>
      <![CDATA[Street Adress entered in the text box is 234]]>
    </line>
    <line>
      <![CDATA[Apt, Suite, Bldg. Text Box is displayed]]>
    </line>
    <line>
      <![CDATA[Apt, Suite, Bldg. No. entered in the text box is 213/7]]>
    </line>
    <line>
      <![CDATA[City Text Box is displayed]]>
    </line>
    <line>
      <![CDATA[City entered in the text box is Dindigul]]>
    </line>
    <line>
      <![CDATA[Postal/Zip Code Text Box is displayed]]>
    </line>
    <line>
      <![CDATA[Postal/Zip Code entered in the text box is 500 012]]>
    </line>
    <line>
      <![CDATA[State Text Box is displayed]]>
    </line>
    <line>
      <![CDATA[State entered in the text box is Tamil Nadu]]>
    </line>
    <line>
      <![CDATA[Country Drop Down is displayed]]>
    </line>
    <line>
      <![CDATA[Country selected from the drop down is India]]>
    </line>
    <line>
      <![CDATA[Email Text Box is displayed]]>
    </line>
    <line>
      <![CDATA[Email entered in the text box is registerdemo@gmail.com]]>
    </line>
    <line>
      <![CDATA[Date of Demo Text Box is displayed]]>
    </line>
    <line>
      <![CDATA[Date of Demo entered in the text box is 12/05/23]]>
    </line>
    <line>
      <![CDATA[Convenient Hour Drop Down is displayed]]>
    </line>
    <line>
      <![CDATA[Convenient Hour selected from the drop down is 10]]>
    </line>
    <line>
      <![CDATA[Convenient Minutes Drop Down is displayed]]>
    </line>
    <line>
      <![CDATA[Convenient Minutes selected from the drop down is 30]]>
    </line>
    <line>
      <![CDATA[Mobile Number Text Box is displayed]]>
    </line>
    <line>
      <![CDATA[Mobile Number entered in the text box is 472813]]>
    </line>
    <line>
      <![CDATA[TestNG checkbox is not selected]]>
    </line>
    <line>
      <![CDATA[TestNG checkbox is selected]]>
    </line>
    <line>
      <![CDATA[Core Java checkbox is not selected]]>
    </line>
    <line>
      <![CDATA[Core Java checkbox is selected]]>
    </line>
    <line>
      <![CDATA[Enter Your Query Text Box is displayed]]>
    </line>
    <line>
      <![CDATA[Query entered in the text box is End to End assigment]]>
    </line>
    <line>
      <![CDATA[Verification Text Box is displayed]]>
    </line>
    <line>
      <![CDATA[Two digits entered in the text box is 99]]>
    </line>
    <line>
      <![CDATA[Submit Button is enabled]]>
    </line>
    <line>
      <![CDATA[The Actual and Expected Successful Messages are same]]>
    </line>
    <line>
      <![CDATA[The Actual Successful Message is Registration Form is Successfully Submitted.]]>
    </line>
    <line>
      <![CDATA[The Transaction Id : NXTGEN79502]]>
    </line>
    <line>
      <![CDATA[Application is launched sucessfully]]>
    </line>
  </reporter-output>
  <suite started-at="2023-06-22T14:22:52 IST" name="Automation Suite" finished-at="2023-06-22T14:23:03 IST" duration-ms="10084">
    <groups>
    </groups>
    <test started-at="2023-06-22T14:22:52 IST" name="Register User" finished-at="2023-06-22T14:23:03 IST" duration-ms="10084">
      <class name="com.telus.testcases.RegisterUser">
        <test-method is-config="true" signature="launchApplication()[pri:0, instance:com.telus.testcases.RegisterUser@741a8937]" started-at="2023-06-22T14:22:39 IST" name="launchApplication" finished-at="2023-06-22T14:22:52 IST" duration-ms="13310" status="PASS">
          <reporter-output>
            <line>
              <![CDATA[Application is launched sucessfully]]>
            </line>
          </reporter-output>
        </test-method> <!-- launchApplication -->
        <test-method signature="navigateToRegisterDemo()[pri:1, instance:com.telus.testcases.RegisterUser@741a8937]" started-at="2023-06-22T14:22:53 IST" name="navigateToRegisterDemo" finished-at="2023-06-22T14:22:55 IST" duration-ms="2389" status="PASS">
          <reporter-output>
            <line>
              <![CDATA[Navigated to Register Demo Page]]>
            </line>
          </reporter-output>
        </test-method> <!-- navigateToRegisterDemo -->
        <test-method signature="registerUser()[pri:2, instance:com.telus.testcases.RegisterUser@741a8937]" started-at="2023-06-22T14:22:55 IST" name="registerUser" finished-at="2023-06-22T14:23:02 IST" duration-ms="7435" status="PASS">
          <reporter-output>
            <line>
              <![CDATA[The Actual & Expected Registration Form Titles are same]]>
            </line>
            <line>
              <![CDATA[The Registration Form Tile displayed is Register For Demo]]>
            </line>
            <line>
              <![CDATA[First Name Text Box is displayed]]>
            </line>
            <line>
              <![CDATA[First Name entered in the text box is BharathVasan]]>
            </line>
            <line>
              <![CDATA[Last Name Text Box is displayed]]>
            </line>
            <line>
              <![CDATA[Last Name entered in the text box is G]]>
            </line>
            <line>
              <![CDATA[Male Radio Button is not selected]]>
            </line>
            <line>
              <![CDATA[Male Radio Button is selected]]>
            </line>
            <line>
              <![CDATA[Street Adress Text Box is displayed]]>
            </line>
            <line>
              <![CDATA[Street Adress entered in the text box is 234]]>
            </line>
            <line>
              <![CDATA[Apt, Suite, Bldg. Text Box is displayed]]>
            </line>
            <line>
              <![CDATA[Apt, Suite, Bldg. No. entered in the text box is 213/7]]>
            </line>
            <line>
              <![CDATA[City Text Box is displayed]]>
            </line>
            <line>
              <![CDATA[City entered in the text box is Dindigul]]>
            </line>
            <line>
              <![CDATA[Postal/Zip Code Text Box is displayed]]>
            </line>
            <line>
              <![CDATA[Postal/Zip Code entered in the text box is 500 012]]>
            </line>
            <line>
              <![CDATA[State Text Box is displayed]]>
            </line>
            <line>
              <![CDATA[State entered in the text box is Tamil Nadu]]>
            </line>
            <line>
              <![CDATA[Country Drop Down is displayed]]>
            </line>
            <line>
              <![CDATA[Country selected from the drop down is India]]>
            </line>
            <line>
              <![CDATA[Email Text Box is displayed]]>
            </line>
            <line>
              <![CDATA[Email entered in the text box is registerdemo@gmail.com]]>
            </line>
            <line>
              <![CDATA[Date of Demo Text Box is displayed]]>
            </line>
            <line>
              <![CDATA[Date of Demo entered in the text box is 12/05/23]]>
            </line>
            <line>
              <![CDATA[Convenient Hour Drop Down is displayed]]>
            </line>
            <line>
              <![CDATA[Convenient Hour selected from the drop down is 10]]>
            </line>
            <line>
              <![CDATA[Convenient Minutes Drop Down is displayed]]>
            </line>
            <line>
              <![CDATA[Convenient Minutes selected from the drop down is 30]]>
            </line>
            <line>
              <![CDATA[Mobile Number Text Box is displayed]]>
            </line>
            <line>
              <![CDATA[Mobile Number entered in the text box is 472813]]>
            </line>
            <line>
              <![CDATA[TestNG checkbox is not selected]]>
            </line>
            <line>
              <![CDATA[TestNG checkbox is selected]]>
            </line>
            <line>
              <![CDATA[Core Java checkbox is not selected]]>
            </line>
            <line>
              <![CDATA[Core Java checkbox is selected]]>
            </line>
            <line>
              <![CDATA[Enter Your Query Text Box is displayed]]>
            </line>
            <line>
              <![CDATA[Query entered in the text box is End to End assigment]]>
            </line>
            <line>
              <![CDATA[Verification Text Box is displayed]]>
            </line>
            <line>
              <![CDATA[Two digits entered in the text box is 99]]>
            </line>
            <line>
              <![CDATA[Submit Button is enabled]]>
            </line>
          </reporter-output>
        </test-method> <!-- registerUser -->
        <test-method signature="transactionVerification()[pri:3, instance:com.telus.testcases.RegisterUser@741a8937]" started-at="2023-06-22T14:23:02 IST" name="transactionVerification" finished-at="2023-06-22T14:23:03 IST" duration-ms="60" status="PASS">
          <reporter-output>
            <line>
              <![CDATA[The Actual and Expected Successful Messages are same]]>
            </line>
            <line>
              <![CDATA[The Actual Successful Message is Registration Form is Successfully Submitted.]]>
            </line>
            <line>
              <![CDATA[The Transaction Id : NXTGEN79502]]>
            </line>
          </reporter-output>
        </test-method> <!-- transactionVerification -->
        <test-method is-config="true" signature="closeApplication()[pri:0, instance:com.telus.testcases.RegisterUser@741a8937]" started-at="2023-06-22T14:23:03 IST" name="closeApplication" finished-at="2023-06-22T14:23:03 IST" duration-ms="320" status="PASS">
          <reporter-output>
            <line>
              <![CDATA[Application is launched sucessfully]]>
            </line>
          </reporter-output>
        </test-method> <!-- closeApplication -->
      </class> <!-- com.telus.testcases.RegisterUser -->
    </test> <!-- Register User -->
  </suite> <!-- Automation Suite -->
</testng-results>
