<?xml version="1.0" encoding="UTF-8"?>
<!-- Generated by org.testng.reporters.JUnitXMLReporter -->
<testsuite ignored="0" hostname="DESKTOP-L0VG6SH" failures="0" tests="3" name="Para Bank Registration Test Case" time="4.776" errors="0" timestamp="2023-06-24T15:18:15 IST">
  <testcase classname="com.telus.testcases.RegisterUser" name="clickRegisterUser" time="1.104"/>
  <testcase classname="com.telus.testcases.RegisterUser" name="registerUser" time="1.917"/>
  <testcase classname="com.telus.testcases.RegisterUser" name="successfulMessageVerification" time="1.651"/>
</testsuite> <!-- Para Bank Registration Test Case -->
