<?xml version="1.0" encoding="UTF-8"?>
<!-- Generated by org.testng.reporters.JUnitXMLReporter -->
<testsuite ignored="0" hostname="DESKTOP-L0VG6SH" failures="0" tests="3" name="Chrome Browser Test Case" time="38.599" errors="0" timestamp="2023-06-20T14:42:17 IST">
  <testcase classname="com.telus.crosbrowsertesting.RegisterDemoTestNG" name="navigateToRegisterDemoPage" time="3.969"/>
  <testcase classname="com.telus.crosbrowsertesting.RegisterDemoTestNG" name="registerUser" time="11.555"/>
  <testcase classname="com.telus.crosbrowsertesting.RegisterDemoTestNG" name="validateSuccessfulMsg" time="0.04"/>
</testsuite> <!-- Chrome Browser Test Case -->
