<?xml version="1.0" encoding="UTF-8"?>
<!-- Generated by org.testng.reporters.JUnitXMLReporter -->
<testsuite ignored="0" hostname="DESKTOP-L0VG6SH" failures="0" tests="3" name="Edge Browser Test Case" time="38.525" errors="0" timestamp="2023-06-20T14:42:17 IST">
  <testcase classname="com.telus.crosbrowsertesting.RegisterDemoTestNG" name="navigateToRegisterDemoPage" time="3.183"/>
  <testcase classname="com.telus.crosbrowsertesting.RegisterDemoTestNG" name="registerUser" time="7.489"/>
  <testcase classname="com.telus.crosbrowsertesting.RegisterDemoTestNG" name="validateSuccessfulMsg" time="0.075"/>
</testsuite> <!-- Edge Browser Test Case -->
