<?xml version="1.0" encoding="UTF-8"?>
<!-- Generated by org.testng.reporters.JUnitXMLReporter -->
<testsuite ignored="0" hostname="DESKTOP-L0VG6SH" failures="0" tests="9" name="Parallel Testing" time="0.245" errors="0" timestamp="2023-06-21T11:55:54 IST">
  <testcase classname="com.telus.crosbrowsertesting.SampleThreadprogram" name="testCase3" time="0.03"/>
  <testcase classname="com.telus.crosbrowsertesting.SampleThreadprogram" name="testCase5" time="0.03"/>
  <testcase classname="com.telus.crosbrowsertesting.SampleThreadprogram" name="testCase2" time="0.03"/>
  <testcase classname="com.telus.crosbrowsertesting.SampleThreadprogram" name="testCase4" time="0.03"/>
  <testcase classname="com.telus.crosbrowsertesting.SampleThreadprogram" name="testCase1" time="0.032"/>
  <testcase classname="com.telus.crosbrowsertesting.SampleThreadprogram" name="testCase8" time="0.004"/>
  <testcase classname="com.telus.crosbrowsertesting.SampleThreadprogram" name="testCase9" time="0.048"/>
  <testcase classname="com.telus.crosbrowsertesting.SampleThreadprogram" name="testCase6" time="0.013"/>
  <testcase classname="com.telus.crosbrowsertesting.SampleThreadprogram" name="testCase7" time="0.099"/>
</testsuite> <!-- Parallel Testing -->
