<?xml version="1.0" encoding="UTF-8"?>
<!-- Generated by org.testng.reporters.JUnitXMLReporter -->
<testsuite ignored="0" hostname="DESKTOP-L0VG6SH" failures="0" tests="5" name="Register Demo Test Case" time="23.696" errors="0" timestamp="2023-06-19T13:40:09 IST">
  <testcase classname="com.telus.registerdemo.RegisterDemoTestNG" name="launchApplication" time="13.714"/>
  <testcase classname="com.telus.registerdemo.RegisterDemoTestNG" name="navigateToRegisterDemoPage" time="2.746"/>
  <testcase classname="com.telus.registerdemo.RegisterDemoTestNG" name="registerUser" time="6.58"/>
  <testcase classname="com.telus.registerdemo.RegisterDemoTestNG" name="validateSuccessfulMsg" time="0.047"/>
  <testcase classname="com.telus.registerdemo.RegisterDemoTestNG" name="closeApplication" time="0.449"/>
</testsuite> <!-- Register Demo Test Case -->
